Línea 26: la clase MSAdodcLib.Adodc del control AdoListRol no era una clase de control cargada.
Línea 72: la clase MSDataGridLib.DataGrid del control DGListRol no era una clase de control cargada.
Línea 31: el nombre de la propiedad _ExtentX de AdoListRol no es válido.
Línea 32: el nombre de la propiedad _ExtentY de AdoListRol no es válido.
Línea 33: el nombre de la propiedad ConnectMode de AdoListRol no es válido.
Línea 34: el nombre de la propiedad CursorLocation de AdoListRol no es válido.
Línea 35: el nombre de la propiedad IsolationLevel de AdoListRol no es válido.
Línea 36: el nombre de la propiedad ConnectionTimeout de AdoListRol no es válido.
Línea 37: el nombre de la propiedad CommandTimeout de AdoListRol no es válido.
Línea 38: el nombre de la propiedad CursorType de AdoListRol no es válido.
Línea 39: el nombre de la propiedad LockType de AdoListRol no es válido.
Línea 40: el nombre de la propiedad CommandType de AdoListRol no es válido.
Línea 41: el nombre de la propiedad CursorOptions de AdoListRol no es válido.
Línea 42: el nombre de la propiedad CacheSize de AdoListRol no es válido.
Línea 43: el nombre de la propiedad MaxRecords de AdoListRol no es válido.
Línea 44: el nombre de la propiedad BOFAction de AdoListRol no es válido.
Línea 45: el nombre de la propiedad EOFAction de AdoListRol no es válido.
Línea 46: el nombre de la propiedad ConnectStringType de AdoListRol no es válido.
Línea 50: el nombre de la propiedad Orientation de AdoListRol no es válido.
Línea 52: el nombre de la propiedad Connect de AdoListRol no es válido.
Línea 53: el nombre de la propiedad OLEDBString de AdoListRol no es válido.
Línea 54: el nombre de la propiedad OLEDBFile de AdoListRol no es válido.
Línea 55: el nombre de la propiedad DataSourceName de AdoListRol no es válido.
Línea 56: el nombre de la propiedad OtherAttributes de AdoListRol no es válido.
Línea 57: el nombre de la propiedad UserName de AdoListRol no es válido.
Línea 58: el nombre de la propiedad Password de AdoListRol no es válido.
Línea 59: el nombre de la propiedad RecordSource de AdoListRol no es válido.
Línea 60: el nombre de la propiedad Caption de AdoListRol no es válido.
Línea 70: el nombre de la propiedad _Version de AdoListRol no es válido.
Línea 73: el nombre de la propiedad Bindings de DGListRol no es válido.
Línea 79: el nombre de la propiedad _ExtentX de DGListRol no es válido.
Línea 80: el nombre de la propiedad _ExtentY de DGListRol no es válido.
Línea 81: el nombre de la propiedad _Version de DGListRol no es válido.
Línea 82: el nombre de la propiedad AllowUpdate de DGListRol no es válido.
Línea 83: el nombre de la propiedad HeadLines de DGListRol no es válido.
Línea 84: el nombre de la propiedad RowHeight de DGListRol no es válido.
Línea 93: el nombre de la propiedad HeadFont de DGListRol no es válido.
Línea 103: el nombre de la propiedad Caption de DGListRol no es válido.
Línea 104: el nombre de la propiedad ColumnCount de DGListRol no es válido.
Línea 117: el nombre de la propiedad Column00 de DGListRol no es válido.
Línea 130: el nombre de la propiedad Column01 de DGListRol no es válido.
Línea 131: el nombre de la propiedad SplitCount de DGListRol no es válido.
Línea 137: el nombre de la propiedad Split0 de DGListRol no es válido.
