Línea 22: la clase MSDataListLib.DataCombo del control DCGrupos no era una clase de control cargada.
Línea 85: la clase MSMask.MaskEdBox del control MBFechaM no era una clase de control cargada.
Línea 132: la clase MSMask.MaskEdBox del control MBFechaC no era una clase de control cargada.
Línea 294: la clase TabDlg.SSTab del control SSTab1 no era una clase de control cargada.
Línea 472: la clase MSMask.MaskEdBox del control MBCta_Diferencia no era una clase de control cargada.
Línea 493: la clase MSMask.MaskEdBox del control MBCta_Fondo_Reserva_G no era una clase de control cargada.
Línea 514: la clase MSMask.MaskEdBox del control MBCta_Fondo_Reserva_P no era una clase de control cargada.
Línea 1013: la clase MSMask.MaskEdBox del control MBCta_Vacaciones_P no era una clase de control cargada.
Línea 1034: la clase MSMask.MaskEdBox del control MBCta_Vacaciones_G no era una clase de control cargada.
Línea 1095: la clase MSMask.MaskEdBox del control MBCta_Aporte_Patronal_G no era una clase de control cargada.
Línea 1116: la clase MSMask.MaskEdBox del control MBCta_Quincena no era una clase de control cargada.
Línea 1137: la clase MSMask.MaskEdBox del control MBCta_Decimo_Cuarto_P no era una clase de control cargada.
Línea 1158: la clase MSMask.MaskEdBox del control MBCta_Decimo_Cuarto_G no era una clase de control cargada.
Línea 1179: la clase MSMask.MaskEdBox del control MBCta_Antig no era una clase de control cargada.
Línea 1200: la clase MSMask.MaskEdBox del control MBCta_IESS_Personal no era una clase de control cargada.
Línea 1221: la clase MSMask.MaskEdBox del control MBCta_Vacacion no era una clase de control cargada.
Línea 1242: la clase MSMask.MaskEdBox del control MBCta_Decimo_Tercer_P no era una clase de control cargada.
Línea 1263: la clase MSMask.MaskEdBox del control MBCta_Decimo_Tercer_G no era una clase de control cargada.
Línea 1284: la clase MSMask.MaskEdBox del control MBCta_Horas_Ext no era una clase de control cargada.
Línea 1305: la clase MSMask.MaskEdBox del control MBCta_IESS_Patronal no era una clase de control cargada.
Línea 1403: la clase MSMask.MaskEdBox del control MBCta_Sueldo no era una clase de control cargada.
Línea 1425: la clase MSMask.MaskEdBox del control MBFechaVF no era una clase de control cargada.
Línea 1451: la clase MSMask.MaskEdBox del control MBFechaVI no era una clase de control cargada.
Línea 1477: la clase MSDataListLib.DataCombo del control DCAplicaConvenio no era una clase de control cargada.
Línea 1499: la clase MSDataListLib.DataCombo del control DCCondiciones no era una clase de control cargada.
Línea 1521: la clase MSDataListLib.DataCombo del control DCFormaPago no era una clase de control cargada.
Línea 1543: la clase MSDataListLib.DataCombo del control DCTipoBanco no era una clase de control cargada.
Línea 1566: la clase MSMask.MaskEdBox del control MBCta_ExtConyugue no era una clase de control cargada.
Línea 1587: la clase MSDataListLib.DataCombo del control DCSubModulo no era una clase de control cargada.
Línea 2584: la clase MSMask.MaskEdBox del control MBFecha no era una clase de control cargada.
Línea 2610: la clase MSAdodcLib.Adodc del control AdoCxCxP no era una clase de control cargada.
Línea 2657: la clase MSAdodcLib.Adodc del control AdoMes no era una clase de control cargada.
Línea 2704: la clase MSAdodcLib.Adodc del control AdoDetalle no era una clase de control cargada.
Línea 2751: la clase MSAdodcLib.Adodc del control AdoRubros no era una clase de control cargada.
Línea 2798: la clase MSAdodcLib.Adodc del control AdoGrupos no era una clase de control cargada.
Línea 2845: la clase MSAdodcLib.Adodc del control AdoSubCtas no era una clase de control cargada.
Línea 2892: la clase MSAdodcLib.Adodc del control AdoFormaPago no era una clase de control cargada.
Línea 2939: la clase MSAdodcLib.Adodc del control AdoTipoBanco no era una clase de control cargada.
Línea 2986: la clase MSAdodcLib.Adodc del control AdoAplicaConvenio no era una clase de control cargada.
Línea 3033: la clase MSAdodcLib.Adodc del control AdoCondiciones no era una clase de control cargada.
Línea 3080: la clase MSAdodcLib.Adodc del control AdoAux no era una clase de control cargada.
