Línea 52: la clase MSDataListLib.DataCombo del control DCRetISer no era una clase de control cargada.
Línea 66: la clase MSDataListLib.DataCombo del control DCRetIBienes no era una clase de control cargada.
Línea 129: la clase TabDlg.SSTab del control SSTCompras no era una clase de control cargada.
Línea 267: la clase MSDataListLib.DataCombo del control DCPais no era una clase de control cargada.
Línea 507: la clase MSDataListLib.DataCombo del control DCPorcenIva no era una clase de control cargada.
Línea 521: la clase MSDataListLib.DataCombo del control DCPorcenIce no era una clase de control cargada.
Línea 624: la clase MSDataListLib.DataCombo del control DCPorcenRetenIvaServ no era una clase de control cargada.
Línea 639: la clase MSDataListLib.DataCombo del control DCPorcenRetenIvaBien no era una clase de control cargada.
Línea 843: la clase MSDataListLib.DataCombo del control DCDctoModif no era una clase de control cargada.
Línea 858: la clase MSMask.MaskEdBox del control MBFechaEmiComp no era una clase de control cargada.
Línea 987: la clase MSMask.MaskEdBox del control MBFechaCad no era una clase de control cargada.
Línea 1013: la clase MSMask.MaskEdBox del control MBFechaRegis no era una clase de control cargada.
Línea 1103: la clase MSDataListLib.DataCombo del control DCTipoComprobante no era una clase de control cargada.
Línea 1126: la clase MSMask.MaskEdBox del control MBFechaEmi no era una clase de control cargada.
Línea 1408: la clase MSDataListLib.DataCombo del control DCRetFuente no era una clase de control cargada.
Línea 1554: la clase MSDataListLib.DataCombo del control DCConceptoRet no era una clase de control cargada.
Línea 1576: la clase MSDataGridLib.DataGrid del control DGConceptoAir no era una clase de control cargada.
Línea 1817: la clase MSDataListLib.DataCombo del control DCSustento no era una clase de control cargada.
Línea 1840: la clase MSDataListLib.DataCombo del control DCTipoPago no era una clase de control cargada.
Línea 1934: la clase MSAdodcLib.Adodc del control AdoSustento no era una clase de control cargada.
Línea 1981: la clase MSAdodcLib.Adodc del control AdoTipoComprobante no era una clase de control cargada.
Línea 2028: la clase MSAdodcLib.Adodc del control AdoRetIvaBienes no era una clase de control cargada.
Línea 2075: la clase MSAdodcLib.Adodc del control AdoRetIvaServicios no era una clase de control cargada.
Línea 2122: la clase MSAdodcLib.Adodc del control AdoPorIva no era una clase de control cargada.
Línea 2169: la clase MSAdodcLib.Adodc del control AdoPorIce no era una clase de control cargada.
Línea 2216: la clase MSAdodcLib.Adodc del control AdoCaTrTiCom no era una clase de control cargada.
Línea 2263: la clase MSAdodcLib.Adodc del control AdoConceptoRet no era una clase de control cargada.
Línea 2310: la clase MSAdodcLib.Adodc del control AdoAsientoAir no era una clase de control cargada.
Línea 2357: la clase MSAdodcLib.Adodc del control AdoRetIvaSerCC no era una clase de control cargada.
Línea 2404: la clase MSAdodcLib.Adodc del control AdoRetIvaBienesCC no era una clase de control cargada.
Línea 2451: la clase MSAdodcLib.Adodc del control AdoAsientoCompras no era una clase de control cargada.
Línea 2498: la clase MSAdodcLib.Adodc del control AdoRetFuente no era una clase de control cargada.
Línea 2545: la clase MSAdodcLib.Adodc del control AdoAux no era una clase de control cargada.
Línea 2592: la clase MSAdodcLib.Adodc del control AdoAsientos no era una clase de control cargada.
Línea 2639: la clase MSAdodcLib.Adodc del control AdoPais no era una clase de control cargada.
Línea 2686: la clase MSAdodcLib.Adodc del control AdoTipoPago no era una clase de control cargada.
Línea 2733: la clase MSDataListLib.DataCombo del control DCProveedor no era una clase de control cargada.
