Línea 46: la clase MSDataListLib.DataCombo del control DCCXC no era una clase de control cargada.
Línea 232: la clase MSDataListLib.DataCombo del control DCFacturaExpor no era una clase de control cargada.
Línea 256: la clase MSMask.MaskEdBox del control MBFechaEmiComp no era una clase de control cargada.
Línea 282: la clase MSMask.MaskEdBox del control MBFechaRegistro no era una clase de control cargada.
Línea 479: la clase MSDataListLib.DataCombo del control DCRegimen no era una clase de control cargada.
Línea 502: la clase MSDataListLib.DataCombo del control DCDistrito no era una clase de control cargada.
Línea 635: la clase MSDataListLib.DataCombo del control DCExportacion no era una clase de control cargada.
Línea 658: la clase MSMask.MaskEdBox del control MBFechaEmbarque no era una clase de control cargada.
Línea 684: la clase MSDataListLib.DataCombo del control DCTipoComprobante no era una clase de control cargada.
Línea 857: la clase MSAdodcLib.Adodc del control AdoTipoComprobante no era una clase de control cargada.
Línea 904: la clase MSAdodcLib.Adodc del control AdoTransExportaciones no era una clase de control cargada.
Línea 951: la clase MSAdodcLib.Adodc del control AdoAsientoExportaciones no era una clase de control cargada.
Línea 998: la clase MSAdodcLib.Adodc del control AdoSustento no era una clase de control cargada.
Línea 1045: la clase MSAdodcLib.Adodc del control AdoExportacion no era una clase de control cargada.
Línea 1092: la clase MSAdodcLib.Adodc del control AdoRegimen no era una clase de control cargada.
Línea 1139: la clase MSAdodcLib.Adodc del control AdoDistrito no era una clase de control cargada.
Línea 1186: la clase MSAdodcLib.Adodc del control AdoClientes no era una clase de control cargada.
Línea 1233: la clase MSAdodcLib.Adodc del control AdoAux no era una clase de control cargada.
Línea 1280: la clase MSAdodcLib.Adodc del control AdoCatalogo no era una clase de control cargada.
Línea 1327: la clase MSAdodcLib.Adodc del control AdoAsientos no era una clase de control cargada.
