Línea 25: la clase InetCtlsObjects.Inet del control URLinet no era una clase de control cargada.
Línea 248: la clase MSDataGridLib.DataGrid del control DGEmp1 no era una clase de control cargada.
Línea 533: la clase MSDataListLib.DataCombo del control DCUsuario no era una clase de control cargada.
Línea 556: la clase MSDataGridLib.DataGrid del control DGSeteosPRN no era una clase de control cargada.
Línea 948: la clase MSDataGridLib.DataGrid del control DGCodigos no era una clase de control cargada.
Línea 1032: la clase MSDataGridLib.DataGrid del control DGCuentas no era una clase de control cargada.
Línea 1124: la clase MSDataGridLib.DataGrid del control DGFormato no era una clase de control cargada.
Línea 1190: la clase MSDataGridLib.DataGrid del control DGTipoPrest no era una clase de control cargada.
Línea 1257: la clase MSDataGridLib.DataGrid del control DGEducativo no era una clase de control cargada.
Línea 1323: la clase MSDataListLib.DataCombo del control DCBodega no era una clase de control cargada.
Línea 1459: la clase MSAdodcLib.Adodc del control AdoFactura no era una clase de control cargada.
Línea 1506: la clase MSAdodcLib.Adodc del control AdoFact no era una clase de control cargada.
Línea 1553: la clase MSAdodcLib.Adodc del control AdoRet no era una clase de control cargada.
Línea 1600: la clase MSAdodcLib.Adodc del control AdoCajaCred no era una clase de control cargada.
Línea 1647: la clase MSAdodcLib.Adodc del control AdoBancos no era una clase de control cargada.
Línea 1694: la clase MSAdodcLib.Adodc del control AdoTrans_GC no era una clase de control cargada.
Línea 1741: la clase MSAdodcLib.Adodc del control AdoTrans_SC no era una clase de control cargada.
Línea 1788: la clase MSAdodcLib.Adodc del control AdoTrans no era una clase de control cargada.
Línea 1835: la clase MSAdodcLib.Adodc del control AdoComp no era una clase de control cargada.
Línea 1882: la clase MSAdodcLib.Adodc del control AdoEmp1 no era una clase de control cargada.
Línea 1929: la clase MSAdodcLib.Adodc del control AdoEmp no era una clase de control cargada.
Línea 1976: la clase MSAdodcLib.Adodc del control AdoCodigos no era una clase de control cargada.
Línea 2023: la clase MSAdodcLib.Adodc del control AdoCuentas no era una clase de control cargada.
Línea 2070: la clase MSAdodcLib.Adodc del control AdoTipoPrest no era una clase de control cargada.
Línea 2117: la clase MSAdodcLib.Adodc del control AdoUsuario no era una clase de control cargada.
Línea 2164: la clase MSAdodcLib.Adodc del control AdoInv no era una clase de control cargada.
Línea 2211: la clase MSAdodcLib.Adodc del control AdoSeteosPRN no era una clase de control cargada.
Línea 2258: la clase MSAdodcLib.Adodc del control AdoSetPRN no era una clase de control cargada.
Línea 2305: la clase MSAdodcLib.Adodc del control AdoFormato no era una clase de control cargada.
Línea 2352: la clase MSAdodcLib.Adodc del control AdoAux no era una clase de control cargada.
Línea 2399: la clase MSAdodcLib.Adodc del control AdoPaises no era una clase de control cargada.
Línea 2446: la clase MSAdodcLib.Adodc del control AdoAutorizacion no era una clase de control cargada.
Línea 2493: la clase MSAdodcLib.Adodc del control AdoEducativo no era una clase de control cargada.
Línea 2540: la clase MSComDlg.CommonDialog del control CDialogDir no era una clase de control cargada.
Línea 2548: la clase MSAdodcLib.Adodc del control AdoModulos no era una clase de control cargada.
Línea 2595: la clase MSAdodcLib.Adodc del control AdoPrueba no era una clase de control cargada.
Línea 2642: la clase MSAdodcLib.Adodc del control AdoBodega no era una clase de control cargada.
Línea 2689: la clase ComctlLib.ImageList del control ImageList1 no era una clase de control cargada.
