Línea 75: la clase MSMask.MaskEdBox del control MBoxCtaI no era una clase de control cargada.
Línea 116: la clase MSComctlLib.ImageList del control ImageList1 no era una clase de control cargada.
Línea 150: la clase TabDlg.SSTab del control SSTab1 no era una clase de control cargada.
Línea 183: la clase MSDataGridLib.DataGrid del control DGInv no era una clase de control cargada.
Línea 252: la clase MSDataGridLib.DataGrid del control DGBanco no era una clase de control cargada.
Línea 320: la clase MSDataGridLib.DataGrid del control DGBalance no era una clase de control cargada.
Línea 388: la clase MSDataGridLib.DataGrid del control DGCheques no era una clase de control cargada.
Línea 492: la clase MSAdodcLib.Adodc del control AdoEstRes no era una clase de control cargada.
Línea 539: la clase MSAdodcLib.Adodc del control AdoRet no era una clase de control cargada.
Línea 586: la clase MSAdodcLib.Adodc del control AdoSubCtaDet no era una clase de control cargada.
Línea 633: la clase MSAdodcLib.Adodc del control AdoIngKar no era una clase de control cargada.
Línea 680: la clase MSAdodcLib.Adodc del control AdoBalGenCon no era una clase de control cargada.
Línea 727: la clase MSAdodcLib.Adodc del control AdoCta no era una clase de control cargada.
Línea 774: la clase MSAdodcLib.Adodc del control AdoFechaBal no era una clase de control cargada.
Línea 821: la clase MSAdodcLib.Adodc del control AdoBalGen no era una clase de control cargada.
Línea 868: la clase MSAdodcLib.Adodc del control AdoTrans no era una clase de control cargada.
Línea 915: la clase MSAdodcLib.Adodc del control AdoCtas no era una clase de control cargada.
Línea 962: la clase MSAdodcLib.Adodc del control AdoBanco no era una clase de control cargada.
Línea 1008: la clase MSAdodcLib.Adodc del control AdoInv no era una clase de control cargada.
Línea 1054: la clase MSAdodcLib.Adodc del control AdoCheques no era una clase de control cargada.
Línea 1100: la clase MSComctlLib.Toolbar del control Toolbar1 no era una clase de control cargada.
