Línea 18: la clase MSDataListLib.DataCombo del control DCCliente no era una clase de control cargada.
Línea 189: la clase MSDataListLib.DataList del control DLCuentas no era una clase de control cargada.
Línea 276: la clase MSMask.MaskEdBox del control MBEfectivizar no era una clase de control cargada.
Línea 477: la clase MSMask.MaskEdBox del control MBoxFecha no era una clase de control cargada.
Línea 502: la clase TabDlg.SSTab del control SSTab1 no era una clase de control cargada.
Línea 543: la clase MSDataGridLib.DataGrid del control DGAC no era una clase de control cargada.
Línea 610: la clase MSDataGridLib.DataGrid del control DGAE no era una clase de control cargada.
Línea 677: la clase MSDataGridLib.DataGrid del control DGAI no era una clase de control cargada.
Línea 744: la clase MSDataGridLib.DataGrid del control DGAV no era una clase de control cargada.
Línea 811: la clase MSDataGridLib.DataGrid del control DGAsientosR no era una clase de control cargada.
Línea 878: la clase MSDataGridLib.DataGrid del control DGAsientosSC no era una clase de control cargada.
Línea 946: la clase MSDataGridLib.DataGrid del control DGAsientos no era una clase de control cargada.
Línea 1013: la clase MSDataGridLib.DataGrid del control DGInventario no era una clase de control cargada.
Línea 1081: la clase MSAdodcLib.Adodc del control AdoSQL no era una clase de control cargada.
Línea 1252: la clase MSDataGridLib.DataGrid del control DGAsientosB no era una clase de control cargada.
Línea 1321: la clase MSDataListLib.DataCombo del control DCBanco no era una clase de control cargada.
Línea 1344: la clase MSDataListLib.DataCombo del control DCCaja no era una clase de control cargada.
Línea 1443: la clase MSMask.MaskEdBox del control MBFechaEfec no era una clase de control cargada.
Línea 1550: la clase MSAdodcLib.Adodc del control AdoCaja no era una clase de control cargada.
Línea 1597: la clase MSAdodcLib.Adodc del control AdoBanco no era una clase de control cargada.
Línea 1644: la clase MSAdodcLib.Adodc del control AdoCtas no era una clase de control cargada.
Línea 1691: la clase MSAdodcLib.Adodc del control AdoCuentas no era una clase de control cargada.
Línea 1738: la clase MSAdodcLib.Adodc del control AdoAsientosSC no era una clase de control cargada.
Línea 1785: la clase MSAdodcLib.Adodc del control AdoAsientosB no era una clase de control cargada.
Línea 1832: la clase MSAdodcLib.Adodc del control AdoAsientos no era una clase de control cargada.
Línea 1879: la clase MSAdodcLib.Adodc del control AdoAsientosR no era una clase de control cargada.
Línea 1926: la clase MSAdodcLib.Adodc del control AdoBenef no era una clase de control cargada.
Línea 1973: la clase MSAdodcLib.Adodc del control AdoRolPago no era una clase de control cargada.
Línea 2020: la clase MSAdodcLib.Adodc del control AdoAC no era una clase de control cargada.
Línea 2067: la clase MSAdodcLib.Adodc del control AdoAV no era una clase de control cargada.
Línea 2114: la clase MSAdodcLib.Adodc del control AdoAI no era una clase de control cargada.
Línea 2161: la clase MSAdodcLib.Adodc del control AdoAE no era una clase de control cargada.
Línea 2208: la clase MSAdodcLib.Adodc del control AdoCentroCostos no era una clase de control cargada.
Línea 2255: la clase MSAdodcLib.Adodc del control AdoInventario no era una clase de control cargada.
