Línea 159: la clase MSMask.MaskEdBox del control MBoxEmpNo no era una clase de control cargada.
Línea 185: la clase MSDataListLib.DataCombo del control DCComp no era una clase de control cargada.
Línea 238: la clase MSComctlLib.ImageList del control ImageList1 no era una clase de control cargada.
Línea 300: la clase MSComctlLib.Toolbar del control Toolbar1 no era una clase de control cargada.
Línea 373: la clase TabDlg.SSTab del control SSTab1 no era una clase de control cargada.
Línea 413: la clase MSDataGridLib.DataGrid del control DGAsientos no era una clase de control cargada.
Línea 481: la clase MSDataGridLib.DataGrid del control DGRet no era una clase de control cargada.
Línea 548: la clase MSDataGridLib.DataGrid del control DGCxCxP no era una clase de control cargada.
Línea 615: la clase MSDataGridLib.DataGrid del control DGKardex no era una clase de control cargada.
Línea 683: la clase MSDataGridLib.DataGrid del control DGFAC no era una clase de control cargada.
Línea 750: la clase MSDataGridLib.DataGrid del control DGFAV no era una clase de control cargada.
Línea 817: la clase MSDataGridLib.DataGrid del control DGIxExCC no era una clase de control cargada.
Línea 963: la clase MSAdodcLib.Adodc del control AdoRet no era una clase de control cargada.
Línea 1010: la clase MSAdodcLib.Adodc del control AdoIngKar no era una clase de control cargada.
Línea 1057: la clase MSAdodcLib.Adodc del control AdoIxExCC no era una clase de control cargada.
Línea 1104: la clase MSAdodcLib.Adodc del control AdoComp no era una clase de control cargada.
Línea 1151: la clase MSAdodcLib.Adodc del control AdoCompNo no era una clase de control cargada.
Línea 1198: la clase MSAdodcLib.Adodc del control AdoTrans no era una clase de control cargada.
Línea 1245: la clase MSAdodcLib.Adodc del control AdoAsientos no era una clase de control cargada.
Línea 1292: la clase MSAdodcLib.Adodc del control AdoCtas no era una clase de control cargada.
Línea 1339: la clase MSAdodcLib.Adodc del control AdoBanco no era una clase de control cargada.
Línea 1386: la clase MSAdodcLib.Adodc del control AdoCxCxP no era una clase de control cargada.
Línea 1433: la clase MSAdodcLib.Adodc del control AdoFAC no era una clase de control cargada.
Línea 1480: la clase MSAdodcLib.Adodc del control AdoFAV no era una clase de control cargada.
Línea 1527: la clase MSMask.MaskEdBox del control MBFecha no era una clase de control cargada.
