Línea 19: la clase ComctlLib.Toolbar del control Toolbar1 no era una clase de control cargada.
Línea 92: la clase MSDataGridLib.DataGrid del control DGDocSRI no era una clase de control cargada.
Línea 161: la clase MSAdodcLib.Adodc del control AdoAux no era una clase de control cargada.
Línea 208: la clase MSAdodcLib.Adodc del control AdoAbono no era una clase de control cargada.
Línea 255: la clase MSAdodcLib.Adodc del control AdoClientes no era una clase de control cargada.
Línea 302: la clase MSAdodcLib.Adodc del control AdoDocSRI no era una clase de control cargada.
Línea 348: la clase MSAdodcLib.Adodc del control AdoCxP no era una clase de control cargada.
Línea 395: la clase MSComDlg.CommonDialog del control CDialogDir no era una clase de control cargada.
Línea 404: la clase MSAdodcLib.Adodc del control AdoAsiento no era una clase de control cargada.
Línea 451: la clase MSDataListLib.DataCombo del control DCCxP no era una clase de control cargada.
Línea 473: la clase MSDataListLib.DataCombo del control DCSerieRetencion no era una clase de control cargada.
Línea 495: la clase MSAdodcLib.Adodc del control AdoSerieRetencion no era una clase de control cargada.
Línea 542: la clase MSDataListLib.DataCombo del control DCSustento no era una clase de control cargada.
Línea 565: la clase MSAdodcLib.Adodc del control AdoSustento no era una clase de control cargada.
Línea 631: la clase MSDataListLib.DataCombo del control DCCtaGasto no era una clase de control cargada.
Línea 653: la clase MSDataListLib.DataCombo del control DCTipoPago no era una clase de control cargada.
Línea 676: la clase ComctlLib.ListView del control LstVwFTP no era una clase de control cargada.
Línea 726: la clase MSAdodcLib.Adodc del control AdoTxt no era una clase de control cargada.
Línea 773: la clase MSAdodcLib.Adodc del control AdoTipoPago no era una clase de control cargada.
Línea 820: la clase MSAdodcLib.Adodc del control AdoCtaGasto no era una clase de control cargada.
Línea 976: la clase ComctlLib.ImageList del control ImageList1 no era una clase de control cargada.
