Línea 116: la clase MSDataListLib.DataCombo del control DCRetISer no era una clase de control cargada.
Línea 164: la clase MSDataListLib.DataCombo del control DCRetIBienes no era una clase de control cargada.
Línea 264: la clase TabDlg.SSTab del control SSTCompras no era una clase de control cargada.
Línea 494: la clase MSDataListLib.DataCombo del control DCPorcenIva no era una clase de control cargada.
Línea 508: la clase MSDataListLib.DataCombo del control DCPorcenIce no era una clase de control cargada.
Línea 611: la clase MSDataListLib.DataCombo del control DCPorcenRetenIvaServ no era una clase de control cargada.
Línea 626: la clase MSDataListLib.DataCombo del control DCPorcenRetenIvaBien no era una clase de control cargada.
Línea 830: la clase MSDataListLib.DataCombo del control DCDctoModif no era una clase de control cargada.
Línea 845: la clase MSMask.MaskEdBox del control MBFechaEmiComp no era una clase de control cargada.
Línea 974: la clase MSMask.MaskEdBox del control MBFechaCad no era una clase de control cargada.
Línea 1000: la clase MSMask.MaskEdBox del control MBFechaRegis no era una clase de control cargada.
Línea 1090: la clase MSDataListLib.DataCombo del control DCTipoComprobante no era una clase de control cargada.
Línea 1113: la clase MSMask.MaskEdBox del control MBFechaEmi no era una clase de control cargada.
Línea 1392: la clase MSDataListLib.DataCombo del control DCRetFuente no era una clase de control cargada.
Línea 1530: la clase MSDataListLib.DataCombo del control DCConceptoRet no era una clase de control cargada.
Línea 1552: la clase MSDataGridLib.DataGrid del control DGConceptoAir no era una clase de control cargada.
Línea 1782: la clase MSDataListLib.DataCombo del control DCSustento no era una clase de control cargada.
Línea 1859: la clase MSAdodcLib.Adodc del control AdoSustento no era una clase de control cargada.
Línea 1906: la clase MSAdodcLib.Adodc del control AdoTipoIdentificacion no era una clase de control cargada.
Línea 1953: la clase MSAdodcLib.Adodc del control AdoTipoComprobante no era una clase de control cargada.
Línea 2000: la clase MSAdodcLib.Adodc del control AdoRetIvaBienes no era una clase de control cargada.
Línea 2047: la clase MSAdodcLib.Adodc del control AdoRetIvaServicios no era una clase de control cargada.
Línea 2094: la clase MSAdodcLib.Adodc del control AdoPorIva no era una clase de control cargada.
Línea 2141: la clase MSAdodcLib.Adodc del control AdoPorIce no era una clase de control cargada.
Línea 2188: la clase MSAdodcLib.Adodc del control AdoCaTrTiCom no era una clase de control cargada.
Línea 2235: la clase MSAdodcLib.Adodc del control AdoConceptoRet no era una clase de control cargada.
Línea 2282: la clase MSAdodcLib.Adodc del control AdoTransCompras no era una clase de control cargada.
Línea 2329: la clase MSAdodcLib.Adodc del control AdoAsientoAir no era una clase de control cargada.
Línea 2376: la clase MSAdodcLib.Adodc del control AdoClientes no era una clase de control cargada.
Línea 2423: la clase MSAdodcLib.Adodc del control AdoRetIvaSerCC no era una clase de control cargada.
Línea 2470: la clase MSAdodcLib.Adodc del control AdoRetIvaBienesCC no era una clase de control cargada.
Línea 2517: la clase MSAdodcLib.Adodc del control AdoAsientoCompras no era una clase de control cargada.
Línea 2564: la clase MSAdodcLib.Adodc del control AdoRetFuente no era una clase de control cargada.
Línea 2611: la clase MSDataListLib.DataCombo del control DCProveedor no era una clase de control cargada.
Línea 2634: la clase MSAdodcLib.Adodc del control AdoTransAir no era una clase de control cargada.
Línea 2681: la clase MSAdodcLib.Adodc del control AdoAux no era una clase de control cargada.
