Línea 28: la clase MSDataListLib.DataCombo del control DCProveedor no era una clase de control cargada.
Línea 188: la clase MSDataListLib.DataCombo del control DCCXC no era una clase de control cargada.
Línea 375: la clase MSDataListLib.DataCombo del control DCFacturaExpor no era una clase de control cargada.
Línea 399: la clase MSMask.MaskEdBox del control MBFechaEmiComp no era una clase de control cargada.
Línea 425: la clase MSMask.MaskEdBox del control MBFechaRegistro no era una clase de control cargada.
Línea 568: la clase MSDataListLib.DataCombo del control DCRegimen no era una clase de control cargada.
Línea 645: la clase MSDataListLib.DataCombo del control DCDistrito no era una clase de control cargada.
Línea 778: la clase MSDataListLib.DataCombo del control DCExportacion no era una clase de control cargada.
Línea 801: la clase MSMask.MaskEdBox del control MBFechaEmbarque no era una clase de control cargada.
Línea 827: la clase MSDataListLib.DataCombo del control DCTipoComprobante no era una clase de control cargada.
Línea 979: la clase MSAdodcLib.Adodc del control AdoTipoComprobante no era una clase de control cargada.
Línea 1026: la clase MSAdodcLib.Adodc del control AdoTransExportaciones no era una clase de control cargada.
Línea 1073: la clase MSAdodcLib.Adodc del control AdoAsientoExportaciones no era una clase de control cargada.
Línea 1120: la clase MSAdodcLib.Adodc del control AdoSustento no era una clase de control cargada.
Línea 1167: la clase MSAdodcLib.Adodc del control AdoExportacion no era una clase de control cargada.
Línea 1214: la clase MSAdodcLib.Adodc del control AdoRegimen no era una clase de control cargada.
Línea 1261: la clase MSAdodcLib.Adodc del control AdoDistrito no era una clase de control cargada.
Línea 1308: la clase MSAdodcLib.Adodc del control AdoClientes no era una clase de control cargada.
Línea 1355: la clase MSAdodcLib.Adodc del control AdoAux no era una clase de control cargada.
Línea 1402: la clase MSAdodcLib.Adodc del control AdoCatalogo no era una clase de control cargada.
