Línea 21: la clase TabDlg.SSTab del control SSTImportaciones no era una clase de control cargada.
Línea 137: la clase MSDataListLib.DataCombo del control DCPorcenIva no era una clase de control cargada.
Línea 151: la clase MSDataListLib.DataCombo del control DCPorcenIce no era una clase de control cargada.
Línea 211: la clase MSDataListLib.DataCombo del control DCRegimen no era una clase de control cargada.
Línea 225: la clase MSDataListLib.DataCombo del control DCDistrito no era una clase de control cargada.
Línea 387: la clase MSDataListLib.DataCombo del control DCConceptoRet no era una clase de control cargada.
Línea 410: la clase MSDataGridLib.DataGrid del control DGConceptoAir no era una clase de control cargada.
Línea 478: la clase MSDataListLib.DataCombo del control DCRetFuente no era una clase de control cargada.
Línea 504: la clase MSDataListLib.DataCombo del control DCSustento no era una clase de control cargada.
Línea 527: la clase MSDataListLib.DataCombo del control DCImportacion no era una clase de control cargada.
Línea 550: la clase MSMask.MaskEdBox del control MBFechaLiquida no era una clase de control cargada.
Línea 576: la clase MSDataListLib.DataCombo del control DCTipoComprobante no era una clase de control cargada.
Línea 698: la clase MSAdodcLib.Adodc del control AdoTipoComprobante no era una clase de control cargada.
Línea 745: la clase MSAdodcLib.Adodc del control AdoTransImportaciones no era una clase de control cargada.
Línea 792: la clase MSAdodcLib.Adodc del control AdoAsientoAir no era una clase de control cargada.
Línea 839: la clase MSAdodcLib.Adodc del control AdoAsientoImportaciones no era una clase de control cargada.
Línea 886: la clase MSAdodcLib.Adodc del control AdoRetFuente no era una clase de control cargada.
Línea 933: la clase MSAdodcLib.Adodc del control AdoTransAir no era una clase de control cargada.
Línea 980: la clase MSAdodcLib.Adodc del control AdoSustento no era una clase de control cargada.
Línea 1027: la clase MSAdodcLib.Adodc del control AdoImportacion no era una clase de control cargada.
Línea 1074: la clase MSAdodcLib.Adodc del control AdoRegimen no era una clase de control cargada.
Línea 1121: la clase MSAdodcLib.Adodc del control AdoDistrito no era una clase de control cargada.
Línea 1168: la clase MSAdodcLib.Adodc del control AdoConceptoret no era una clase de control cargada.
Línea 1215: la clase MSAdodcLib.Adodc del control AdoPorIva no era una clase de control cargada.
Línea 1262: la clase MSAdodcLib.Adodc del control AdoPorIce no era una clase de control cargada.
Línea 1309: la clase MSAdodcLib.Adodc del control AdoClientes no era una clase de control cargada.
Línea 1356: la clase MSDataListLib.DataCombo del control DCProveedor no era una clase de control cargada.
Línea 1379: la clase MSAdodcLib.Adodc del control AdoAux no era una clase de control cargada.
