Línea 46: la clase TabDlg.SSTab del control SSTImportaciones no era una clase de control cargada.
Línea 242: la clase MSDataListLib.DataCombo del control DCConceptoRet no era una clase de control cargada.
Línea 264: la clase MSDataGridLib.DataGrid del control DGConceptoAir no era una clase de control cargada.
Línea 332: la clase MSDataListLib.DataCombo del control DCRetFuente no era una clase de control cargada.
Línea 402: la clase MSDataListLib.DataCombo del control DCRegimen no era una clase de control cargada.
Línea 416: la clase MSDataListLib.DataCombo del control DCDistrito no era una clase de control cargada.
Línea 500: la clase MSDataListLib.DataCombo del control DCPorcenIva no era una clase de control cargada.
Línea 514: la clase MSDataListLib.DataCombo del control DCPorcenIce no era una clase de control cargada.
Línea 529: la clase MSDataListLib.DataCombo del control DCSustento no era una clase de control cargada.
Línea 552: la clase MSDataListLib.DataCombo del control DCImportacion no era una clase de control cargada.
Línea 575: la clase MSMask.MaskEdBox del control MBFechaLiquida no era una clase de control cargada.
Línea 601: la clase MSDataListLib.DataCombo del control DCTipoComprobante no era una clase de control cargada.
Línea 625: la clase MSAdodcLib.Adodc del control AdoTipoComprobante no era una clase de control cargada.
Línea 672: la clase MSAdodcLib.Adodc del control AdoTransImportaciones no era una clase de control cargada.
Línea 719: la clase MSAdodcLib.Adodc del control AdoAsientoAir no era una clase de control cargada.
Línea 766: la clase MSAdodcLib.Adodc del control AdoAsientoImportaciones no era una clase de control cargada.
Línea 813: la clase MSAdodcLib.Adodc del control AdoRetFuente no era una clase de control cargada.
Línea 860: la clase MSAdodcLib.Adodc del control AdoTransAir no era una clase de control cargada.
Línea 907: la clase MSAdodcLib.Adodc del control AdoSustento no era una clase de control cargada.
Línea 954: la clase MSAdodcLib.Adodc del control AdoImportacion no era una clase de control cargada.
Línea 1001: la clase MSAdodcLib.Adodc del control AdoRegimen no era una clase de control cargada.
Línea 1048: la clase MSAdodcLib.Adodc del control AdoDistrito no era una clase de control cargada.
Línea 1095: la clase MSAdodcLib.Adodc del control AdoConceptoret no era una clase de control cargada.
Línea 1142: la clase MSAdodcLib.Adodc del control AdoPorIva no era una clase de control cargada.
Línea 1189: la clase MSAdodcLib.Adodc del control AdoPorIce no era una clase de control cargada.
Línea 1236: la clase MSAdodcLib.Adodc del control AdoClientes no era una clase de control cargada.
Línea 1283: la clase MSAdodcLib.Adodc del control AdoAux no era una clase de control cargada.
Línea 1330: la clase MSAdodcLib.Adodc del control AdoAsientos no era una clase de control cargada.
