Línea 39: la clase MSDataListLib.DataCombo del control DCRetISer no era una clase de control cargada.
Línea 53: la clase MSDataListLib.DataCombo del control DCRetIBienes no era una clase de control cargada.
Línea 128: la clase TabDlg.SSTab del control SSTVentas no era una clase de control cargada.
Línea 266: la clase MSDataListLib.DataCombo del control DCTipoComprobanteV no era una clase de control cargada.
Línea 280: la clase MSMask.MaskEdBox del control MBFechaEmiV no era una clase de control cargada.
Línea 297: la clase MSMask.MaskEdBox del control MBFechaRegistroV no era una clase de control cargada.
Línea 314: la clase MSDataListLib.DataCombo del control DCTipoPago no era una clase de control cargada.
Línea 659: la clase MSDataListLib.DataCombo del control DCPorcenRetenIvaBienV no era una clase de control cargada.
Línea 674: la clase MSDataListLib.DataCombo del control DCPorcenRetenIvaServV no era una clase de control cargada.
Línea 815: la clase MSDataListLib.DataCombo del control DCPorcenIvaV no era una clase de control cargada.
Línea 829: la clase MSDataListLib.DataCombo del control DCPorcenIceV no era una clase de control cargada.
Línea 1053: la clase MSDataListLib.DataCombo del control DCConceptoRetV no era una clase de control cargada.
Línea 1075: la clase MSDataGridLib.DataGrid del control DGConceptoAirV no era una clase de control cargada.
Línea 1142: la clase MSDataListLib.DataCombo del control DCRetFuente no era una clase de control cargada.
Línea 1338: la clase MSAdodcLib.Adodc del control AdoTransVentas no era una clase de control cargada.
Línea 1385: la clase MSAdodcLib.Adodc del control AdoRetFuente no era una clase de control cargada.
Línea 1432: la clase MSAdodcLib.Adodc del control AdoAsientoVentas no era una clase de control cargada.
Línea 1479: la clase MSAdodcLib.Adodc del control AdoRetIvaBienesCC no era una clase de control cargada.
Línea 1526: la clase MSAdodcLib.Adodc del control AdoRetIvaSerCC no era una clase de control cargada.
Línea 1573: la clase MSAdodcLib.Adodc del control AdoClientes no era una clase de control cargada.
Línea 1620: la clase MSAdodcLib.Adodc del control AdoAsientoAir no era una clase de control cargada.
Línea 1667: la clase MSAdodcLib.Adodc del control AdoConceptoRet no era una clase de control cargada.
Línea 1714: la clase MSAdodcLib.Adodc del control AdoPorIce no era una clase de control cargada.
Línea 1761: la clase MSAdodcLib.Adodc del control AdoPorIva no era una clase de control cargada.
Línea 1808: la clase MSAdodcLib.Adodc del control AdoRetIvaBienes no era una clase de control cargada.
Línea 1855: la clase MSAdodcLib.Adodc del control AdoTipoComprobante no era una clase de control cargada.
Línea 1902: la clase MSAdodcLib.Adodc del control AdoTipoIdentificacion no era una clase de control cargada.
Línea 1949: la clase MSAdodcLib.Adodc del control AdoSustento no era una clase de control cargada.
Línea 1996: la clase MSAdodcLib.Adodc del control AdoTransAir no era una clase de control cargada.
Línea 2043: la clase MSAdodcLib.Adodc del control AdoRetIvaServicios no era una clase de control cargada.
Línea 2090: la clase MSAdodcLib.Adodc del control AdoAux no era una clase de control cargada.
Línea 2137: la clase MSAdodcLib.Adodc del control AdoAsientos no era una clase de control cargada.
Línea 2184: la clase MSAdodcLib.Adodc del control AdoTipoPago no era una clase de control cargada.
