Línea 93: la clase MSDataListLib.DataCombo del control DCRetISer no era una clase de control cargada.
Línea 107: la clase MSDataListLib.DataCombo del control DCRetIBienes no era una clase de control cargada.
Línea 223: la clase MSDataListLib.DataCombo del control DCClienteV no era una clase de control cargada.
Línea 246: la clase TabDlg.SSTab del control SSTVentas no era una clase de control cargada.
Línea 385: la clase MSDataListLib.DataCombo del control DCTipoComprobanteV no era una clase de control cargada.
Línea 399: la clase MSMask.MaskEdBox del control MBFechaEmiV no era una clase de control cargada.
Línea 416: la clase MSMask.MaskEdBox del control MBFechaRegistroV no era una clase de control cargada.
Línea 738: la clase MSDataListLib.DataCombo del control DCPorcenRetenIvaBienV no era una clase de control cargada.
Línea 753: la clase MSDataListLib.DataCombo del control DCPorcenRetenIvaServV no era una clase de control cargada.
Línea 894: la clase MSDataListLib.DataCombo del control DCPorcenIvaV no era una clase de control cargada.
Línea 908: la clase MSDataListLib.DataCombo del control DCPorcenIceV no era una clase de control cargada.
Línea 1132: la clase MSDataListLib.DataCombo del control DCConceptoRetV no era una clase de control cargada.
Línea 1154: la clase MSDataGridLib.DataGrid del control DGConceptoAirV no era una clase de control cargada.
Línea 1221: la clase MSDataListLib.DataCombo del control DCRetFuente no era una clase de control cargada.
Línea 1399: la clase MSAdodcLib.Adodc del control AdoTransVentas no era una clase de control cargada.
Línea 1446: la clase MSAdodcLib.Adodc del control AdoRetFuente no era una clase de control cargada.
Línea 1493: la clase MSAdodcLib.Adodc del control AdoAsientoVentas no era una clase de control cargada.
Línea 1540: la clase MSAdodcLib.Adodc del control AdoRetIvaBienesCC no era una clase de control cargada.
Línea 1587: la clase MSAdodcLib.Adodc del control AdoRetIvaSerCC no era una clase de control cargada.
Línea 1634: la clase MSAdodcLib.Adodc del control AdoClientes no era una clase de control cargada.
Línea 1681: la clase MSAdodcLib.Adodc del control AdoAsientoAir no era una clase de control cargada.
Línea 1728: la clase MSAdodcLib.Adodc del control AdoConceptoRet no era una clase de control cargada.
Línea 1775: la clase MSAdodcLib.Adodc del control AdoPorIce no era una clase de control cargada.
Línea 1822: la clase MSAdodcLib.Adodc del control AdoPorIva no era una clase de control cargada.
Línea 1869: la clase MSAdodcLib.Adodc del control AdoRetIvaBienes no era una clase de control cargada.
Línea 1916: la clase MSAdodcLib.Adodc del control AdoTipoComprobante no era una clase de control cargada.
Línea 1963: la clase MSAdodcLib.Adodc del control AdoTipoIdentificacion no era una clase de control cargada.
Línea 2010: la clase MSAdodcLib.Adodc del control AdoSustento no era una clase de control cargada.
Línea 2057: la clase MSAdodcLib.Adodc del control AdoTransAir no era una clase de control cargada.
Línea 2104: la clase MSAdodcLib.Adodc del control AdoRetIvaServicios no era una clase de control cargada.
Línea 2151: la clase MSAdodcLib.Adodc del control AdoAux no era una clase de control cargada.
